0 info it worked if it ends with ok
1 verbose cli [ '/Users/davewilliamson/.nvm/versions/node/v6.11.2/bin/node',
1 verbose cli   '/Users/davewilliamson/.nvm/versions/node/v6.11.2/bin/npm',
1 verbose cli   'run',
1 verbose cli   'rundocker' ]
2 info using npm@3.10.10
3 info using node@v6.11.2
4 verbose run-script [ 'prerundocker', 'rundocker', 'postrundocker' ]
5 info lifecycle server@1.0.0~prerundocker: server@1.0.0
6 silly lifecycle server@1.0.0~prerundocker: no script for prerundocker, continuing
7 info lifecycle server@1.0.0~rundocker: server@1.0.0
8 verbose lifecycle server@1.0.0~rundocker: unsafe-perm in lifecycle true
9 verbose lifecycle server@1.0.0~rundocker: PATH: /Users/davewilliamson/.nvm/versions/node/v6.11.2/lib/node_modules/npm/bin/node-gyp-bin:/Users/davewilliamson/Development/server/node_modules/.bin:/usr/local/opt/net-snmp/sbin:/usr/local/opt/net-snmp/bin:/Users/davewilliamson/.nvm/versions/node/v6.11.2/bin:/Users/davewilliamson/bin:/usr/local/bin:/usr/local/bin:/usr/bin:/bin:/usr/sbin:/sbin:/opt/X11/bin
10 verbose lifecycle server@1.0.0~rundocker: CWD: /Users/davewilliamson/Development/server
11 silly lifecycle server@1.0.0~rundocker: Args: [ '-c',
11 silly lifecycle   'docker build -t server .; docker run -i -p 4001:4000 server' ]
12 silly lifecycle server@1.0.0~rundocker: Returned: code: 1  signal: null
13 info lifecycle server@1.0.0~rundocker: Failed to exec rundocker script
14 verbose stack Error: server@1.0.0 rundocker: `docker build -t server .; docker run -i -p 4001:4000 server`
14 verbose stack Exit status 1
14 verbose stack     at EventEmitter.<anonymous> (/Users/davewilliamson/.nvm/versions/node/v6.11.2/lib/node_modules/npm/lib/utils/lifecycle.js:255:16)
14 verbose stack     at emitTwo (events.js:106:13)
14 verbose stack     at EventEmitter.emit (events.js:191:7)
14 verbose stack     at ChildProcess.<anonymous> (/Users/davewilliamson/.nvm/versions/node/v6.11.2/lib/node_modules/npm/lib/utils/spawn.js:40:14)
14 verbose stack     at emitTwo (events.js:106:13)
14 verbose stack     at ChildProcess.emit (events.js:191:7)
14 verbose stack     at maybeClose (internal/child_process.js:891:16)
14 verbose stack     at Process.ChildProcess._handle.onexit (internal/child_process.js:226:5)
15 verbose pkgid server@1.0.0
16 verbose cwd /Users/davewilliamson/Development/server
17 error Darwin 16.7.0
18 error argv "/Users/davewilliamson/.nvm/versions/node/v6.11.2/bin/node" "/Users/davewilliamson/.nvm/versions/node/v6.11.2/bin/npm" "run" "rundocker"
19 error node v6.11.2
20 error npm  v3.10.10
21 error code ELIFECYCLE
22 error server@1.0.0 rundocker: `docker build -t server .; docker run -i -p 4001:4000 server`
22 error Exit status 1
23 error Failed at the server@1.0.0 rundocker script 'docker build -t server .; docker run -i -p 4001:4000 server'.
23 error Make sure you have the latest version of node.js and npm installed.
23 error If you do, this is most likely a problem with the server package,
23 error not with npm itself.
23 error Tell the author that this fails on your system:
23 error     docker build -t server .; docker run -i -p 4001:4000 server
23 error You can get information on how to open an issue for this project with:
23 error     npm bugs server
23 error Or if that isn't available, you can get their info via:
23 error     npm owner ls server
23 error There is likely additional logging output above.
24 verbose exit [ 1, true ]
